Using pre-set license
Built from 'trunk' branch; Version is '2023.3.0b5 (30acc77e9b6b) revision 3189959'; Using compiler version '193431935'; Build Type 'Release'
OS: 'Windows 10  (10.0.19045) 64bit Core' Language: 'en' Physical Memory: 16293 MB
BatchMode: 1, IsHumanControllingUs: 0, StartBugReporterOnCrash: 0, Is64bit: 1, IsPro: 1

COMMAND LINE ARGUMENTS:
G:\Srunity\2023.3.0b5\Editor\Unity.exe
-adb2
-batchMode
-noUpm
-name
AssetImportWorker2
-projectPath
G:/Data/UniProjects/Prjcs/unity/NikK
-logFile
Logs/AssetImportWorker2.log
-srvPort
55581
-job-worker-count
7
-background-job-worker-count
8
-asset-garbage-collectors
1
Successfully changed project path to: G:/Data/UniProjects/Prjcs/unity/NikK
G:/Data/UniProjects/Prjcs/unity/NikK
[UnityMemory] Configuration Parameters - Can be set up in boot.config
    "memorysetup-bucket-allocator-granularity=16"
    "memorysetup-bucket-allocator-bucket-count=8"
    "memorysetup-bucket-allocator-block-size=33554432"
    "memorysetup-bucket-allocator-block-count=8"
    "memorysetup-main-allocator-block-size=16777216"
    "memorysetup-thread-allocator-block-size=16777216"
    "memorysetup-gfx-main-allocator-block-size=16777216"
    "memorysetup-gfx-thread-allocator-block-size=16777216"
    "memorysetup-cache-allocator-block-size=4194304"
    "memorysetup-typetree-allocator-block-size=2097152"
    "memorysetup-profiler-bucket-allocator-granularity=16"
    "memorysetup-profiler-bucket-allocator-bucket-count=8"
    "memorysetup-profiler-bucket-allocator-block-size=33554432"
    "memorysetup-profiler-bucket-allocator-block-count=8"
    "memorysetup-profiler-allocator-block-size=16777216"
    "memorysetup-profiler-editor-allocator-block-size=1048576"
    "memorysetup-temp-allocator-size-main=16777216"
    "memorysetup-job-temp-allocator-block-size=2097152"
    "memorysetup-job-temp-allocator-block-size-background=1048576"
    "memorysetup-job-temp-allocator-reduction-small-platforms=262144"
    "memorysetup-allocator-temp-initial-block-size-main=262144"
    "memorysetup-allocator-temp-initial-block-size-worker=262144"
    "memorysetup-temp-allocator-size-background-worker=32768"
    "memorysetup-temp-allocator-size-job-worker=262144"
    "memorysetup-temp-allocator-size-preload-manager=33554432"
    "memorysetup-temp-allocator-size-nav-mesh-worker=65536"
    "memorysetup-temp-allocator-size-audio-worker=65536"
    "memorysetup-temp-allocator-size-cloud-worker=32768"
    "memorysetup-temp-allocator-size-gi-baking-worker=262144"
    "memorysetup-temp-allocator-size-gi-baking-worker=262144"
    "memorysetup-temp-allocator-size-gi-baking-worker=262144"
    "memorysetup-temp-allocator-size-gi-baking-worker=262144"
    "memorysetup-temp-allocator-size-gi-baking-worker=262144"
    "memorysetup-temp-allocator-size-gfx=262144"
Player connection [14544]  Target information:

Player connection [14544]  * "[IP] 192.168.0.103 [Port] 0 [Flags] 2 [Guid] 1159253337 [EditorId] 1159253337 [Version] 1048832 [Id] WindowsEditor(7,WIN-PB6MDIPCRUL) [Debug] 1 [PackageName] WindowsEditor [ProjectName] Editor" 

Player connection [14544]  * "[IP] 26.223.248.153 [Port] 0 [Flags] 2 [Guid] 1159253337 [EditorId] 1159253337 [Version] 1048832 [Id] WindowsEditor(7,WIN-PB6MDIPCRUL) [Debug] 1 [PackageName] WindowsEditor [ProjectName] Editor" 

Player connection [14544] Host joined multi-casting on [225.0.0.222:54997]...
Player connection [14544] Host joined alternative multi-casting on [225.0.0.222:34997]...
JobSystem: Creating JobQueue using job-worker-count value 7
Library Redirect Path: Library/
[PhysX] Initialized MultithreadedTaskDispatcher with 7 workers.
Refreshing native plugins compatible for Editor in 1.16 ms, found 4 plugins.
Preloading 0 native plugins for Editor in 0.00 ms.
Initialize engine version: 2023.3.0b5 (30acc77e9b6b)
[Subsystems] Discovering subsystems at path G:/Srunity/2023.3.0b5/Editor/Data/Resources/UnitySubsystems
[Subsystems] Discovering subsystems at path G:/Data/UniProjects/Prjcs/unity/NikK/Assets
GfxDevice: creating device client; kGfxThreadingModeNonThreaded
Direct3D:
    Version:  Direct3D 11.0 [level 11.1]
    Renderer: NVIDIA GeForce GTX 1650 SUPER (ID=0x2187)
    Vendor:   NVIDIA
    VRAM:     3930 MB
    Driver:   31.0.15.5123
Initialize mono
Mono path[0] = 'G:/Srunity/2023.3.0b5/Editor/Data/Managed'
Mono path[1] = 'G:/Srunity/2023.3.0b5/Editor/Data/MonoBleedingEdge/lib/mono/unityjit-win32'
Mono config path = 'G:/Srunity/2023.3.0b5/Editor/Data/MonoBleedingEdge/etc'
Using monoOptions --debugger-agent=transport=dt_socket,embedding=1,server=y,suspend=n,address=127.0.0.1:56552
Begin MonoManager ReloadAssembly
C:\build\output\Unity-Technologies\mono\mono\metadata\icall.c:1842:
C:\build\output\Unity-Technologies\mono\mono\metadata\icall.c:1842:
C:\build\output\Unity-Technologies\mono\mono\metadata\icall.c:1842:
C:\build\output\Unity-Technologies\mono\mono\metadata\icall.c:1842:
C:\build\output\Unity-Technologies\mono\mono\metadata\icall.c:1842:
C:\build\output\Unity-Technologies\mono\mono\metadata\icall.c:1842:
C:\build\output\Unity-Technologies\mono\mono\metadata\icall.c:1842:
C:\build\output\Unity-Technologies\mono\mono\metadata\icall.c:1842:
C:\build\output\Unity-Technologies\mono\mono\metadata\icall.c:1842:
C:\build\output\Unity-Technologies\mono\mono\metadata\icall.c:1842:
Registering precompiled unity dll's ...
Register platform support module: G:/Srunity/2023.3.0b5/Editor/Data/PlaybackEngines/WebGLSupport/UnityEditor.WebGL.Extensions.dll
Register platform support module: G:/Srunity/2023.3.0b5/Editor/Data/PlaybackEngines/WindowsStandaloneSupport/UnityEditor.WindowsStandalone.Extensions.dll
Register platform support module: G:/Srunity/2023.3.0b5/Editor/Data/PlaybackEngines/MetroSupport/UnityEditor.UWP.Extensions.dll
Register platform support module: G:/Srunity/2023.3.0b5/Editor/Data/PlaybackEngines/AndroidPlayer/UnityEditor.Android.Extensions.dll
Register platform support module: G:/Srunity/2023.3.0b5/Editor/Data/PlaybackEngines/iOSSupport/UnityEditor.iOS.Extensions.dll
Registered in 0.007025 seconds.
- Loaded All Assemblies, in  0.395 seconds
[usbmuxd] Start listen thread
[usbmuxd] Listen thread started
Native extension for iOS target not found
Native extension for Android target not found
Android Extension - Scanning For ADB Devices 270 ms
Native extension for UWP target not found
Native extension for WindowsStandalone target not found
Native extension for WebGL target not found
Mono: successfully reloaded assembly
C:\build\output\Unity-Technologies\mono\mono\metadata\icall.c:1842:
C:\build\output\Unity-Technologies\mono\mono\metadata\icall.c:1842:
- Finished resetting the current domain, in  0.634 seconds
Domain Reload Profiling: 1028ms
	BeginReloadAssembly (135ms)
		ExecutionOrderSort (0ms)
		DisableScriptedObjects (0ms)
		BackupInstance (0ms)
		ReleaseScriptingObjects (0ms)
		CreateAndSetChildDomain (1ms)
	RebuildCommonClasses (38ms)
	RebuildNativeTypeToScriptingClass (12ms)
	initialDomainReloadingComplete (48ms)
	LoadAllAssembliesAndSetupDomain (161ms)
		LoadAssemblies (135ms)
		RebuildTransferFunctionScriptingTraits (0ms)
		AnalyzeDomain (158ms)
			TypeCache.Refresh (156ms)
				TypeCache.ScanAssembly (143ms)
			BuildScriptInfoCaches (0ms)
			ResolveRequiredComponents (1ms)
	FinalizeReload (634ms)
		ReleaseScriptCaches (0ms)
		RebuildScriptCaches (0ms)
		SetupLoadedEditorAssemblies (576ms)
			LogAssemblyErrors (0ms)
			InitializePlatformSupportModulesInManaged (380ms)
			SetLoadedEditorAssemblies (5ms)
			BeforeProcessingInitializeOnLoad (8ms)
			ProcessInitializeOnLoadAttributes (124ms)
			ProcessInitializeOnLoadMethodAttributes (59ms)
			AfterProcessingInitializeOnLoad (0ms)
			EditorAssembliesLoaded (0ms)
		ExecutionOrderSort2 (0ms)
		AwakeInstancesAfterBackupRestoration (0ms)
========================================================================
Worker process is ready to serve import requests
Import Worker Mode flag is 0x00
Begin MonoManager ReloadAssembly
C:\build\output\Unity-Technologies\mono\mono\metadata\icall.c:1842:
C:\build\output\Unity-Technologies\mono\mono\metadata\icall.c:1842:
C:\build\output\Unity-Technologies\mono\mono\metadata\icall.c:1842:
C:\build\output\Unity-Technologies\mono\mono\metadata\icall.c:1842:
C:\build\output\Unity-Technologies\mono\mono\metadata\icall.c:1842:
C:\build\output\Unity-Technologies\mono\mono\metadata\icall.c:1842:
C:\build\output\Unity-Technologies\mono\mono\metadata\icall.c:1842:
C:\build\output\Unity-Technologies\mono\mono\metadata\icall.c:1842:
C:\build\output\Unity-Technologies\mono\mono\metadata\icall.c:1842:
C:\build\output\Unity-Technologies\mono\mono\metadata\icall.c:1842:
C:\build\output\Unity-Technologies\mono\mono\metadata\icall.c:1842:
C:\build\output\Unity-Technologies\mono\mono\metadata\icall.c:1842:
- Loaded All Assemblies, in  0.955 seconds
Refreshing native plugins compatible for Editor in 0.75 ms, found 4 plugins.
Native extension for iOS target not found
Native extension for Android target not found
Native extension for UWP target not found
Native extension for WindowsStandalone target not found
Native extension for WebGL target not found
Mono: successfully reloaded assembly
- Finished resetting the current domain, in  0.756 seconds
Domain Reload Profiling: 1709ms
	BeginReloadAssembly (307ms)
		ExecutionOrderSort (0ms)
		DisableScriptedObjects (3ms)
		BackupInstance (0ms)
		ReleaseScriptingObjects (0ms)
		CreateAndSetChildDomain (35ms)
	RebuildCommonClasses (37ms)
	RebuildNativeTypeToScriptingClass (12ms)
	initialDomainReloadingComplete (35ms)
	LoadAllAssembliesAndSetupDomain (562ms)
		LoadAssemblies (397ms)
		RebuildTransferFunctionScriptingTraits (0ms)
		AnalyzeDomain (268ms)
			TypeCache.Refresh (210ms)
				TypeCache.ScanAssembly (192ms)
			BuildScriptInfoCaches (51ms)
			ResolveRequiredComponents (4ms)
	FinalizeReload (756ms)
		ReleaseScriptCaches (0ms)
		RebuildScriptCaches (0ms)
		SetupLoadedEditorAssemblies (553ms)
			LogAssemblyErrors (0ms)
			InitializePlatformSupportModulesInManaged (20ms)
			SetLoadedEditorAssemblies (7ms)
			BeforeProcessingInitializeOnLoad (119ms)
			ProcessInitializeOnLoadAttributes (354ms)
			ProcessInitializeOnLoadMethodAttributes (51ms)
			AfterProcessingInitializeOnLoad (2ms)
			EditorAssembliesLoaded (0ms)
		ExecutionOrderSort2 (0ms)
		AwakeInstancesAfterBackupRestoration (7ms)
Launched and connected shader compiler UnityShaderCompiler.exe after 0.01 seconds
Refreshing native plugins compatible for Editor in 1.13 ms, found 4 plugins.
Preloading 0 native plugins for Editor in 0.00 ms.
Unloading 29 Unused Serialized files (Serialized files now loaded: 0)
Unloading 4410 unused Assets / (1.4 MB). Loaded Objects now: 4999.
Memory consumption went from 134.5 MB to 133.1 MB.
Total: 6.218700 ms (FindLiveObjects: 0.676500 ms CreateObjectMapping: 0.190400 ms MarkObjects: 3.821700 ms  DeleteObjects: 1.529000 ms)

========================================================================
Received Import Request.
  Time since last request: 237176.527098 seconds.
  path: Assets/UI pack/Button/Blue gradient.png
  artifactKey: Guid(60cfd84ae231a4943b3f0f6cf0dcf409) Importer(815301076,1909f56bfc062723c751e8b465ee728b)
Start importing Assets/UI pack/Button/Blue gradient.png using Guid(60cfd84ae231a4943b3f0f6cf0dcf409) Importer(815301076,1909f56bfc062723c751e8b465ee728b) (PreviewImporter)[PhysX] Initialized MultithreadedTaskDispatcher with 7 workers.
[PhysX] Initialized MultithreadedTaskDispatcher with 7 workers.
 -> (artifact id: '1c6faa190e15668831f49c82b59de64d') in 0.0918787 seconds
Number of updated asset objects reloaded before import = 0Number of asset objects unloaded after import = 3

========================================================================
Received Import Request.
  Time since last request: 0.061557 seconds.
  path: Assets/UI pack/Icons/Heart.png
  artifactKey: Guid(54af60d343d3e3b458ad7e97dd60dd04) Importer(815301076,1909f56bfc062723c751e8b465ee728b)
Start importing Assets/UI pack/Icons/Heart.png using Guid(54af60d343d3e3b458ad7e97dd60dd04) Importer(815301076,1909f56bfc062723c751e8b465ee728b) (PreviewImporter)[PhysX] Initialized MultithreadedTaskDispatcher with 7 workers.
[PhysX] Initialized MultithreadedTaskDispatcher with 7 workers.
 -> (artifact id: 'ec202d6d96e5a1e22faf8e74f748ea20') in 0.0399894 seconds
Number of updated asset objects reloaded before import = 0Number of asset objects unloaded after import = 3

========================================================================
Received Import Request.
  Time since last request: 13.197521 seconds.
  path: Assets/UI pack
  artifactKey: Guid(d0902f3165de4164fa18376765f5b3d9) Importer(815301076,1909f56bfc062723c751e8b465ee728b)
Start importing Assets/UI pack using Guid(d0902f3165de4164fa18376765f5b3d9) Importer(815301076,1909f56bfc062723c751e8b465ee728b) (PreviewImporter)[PhysX] Initialized MultithreadedTaskDispatcher with 7 workers.
 -> (artifact id: '8435875467bb0b045fad9a4fa977686a') in 0.0005059 seconds
Number of updated asset objects reloaded before import = 0Number of asset objects unloaded after import = 0

========================================================================
Received Import Request.
  Time since last request: 2.431045 seconds.
  path: Assets/UI pack/Button
  artifactKey: Guid(5440ba8d47ee3d8428b8d141f3434d5d) Importer(815301076,1909f56bfc062723c751e8b465ee728b)
Start importing Assets/UI pack/Button using Guid(5440ba8d47ee3d8428b8d141f3434d5d) Importer(815301076,1909f56bfc062723c751e8b465ee728b) (PreviewImporter)[PhysX] Initialized MultithreadedTaskDispatcher with 7 workers.
 -> (artifact id: '672467cad34d20ca36cd74772ccd7a91') in 0.0005157 seconds
Number of updated asset objects reloaded before import = 0Number of asset objects unloaded after import = 0

========================================================================
Received Import Request.
  Time since last request: 2.260409 seconds.
  path: Assets/UI pack/Circles
  artifactKey: Guid(ab1b9c40a6549c2488b27164f59f97e1) Importer(815301076,1909f56bfc062723c751e8b465ee728b)
Start importing Assets/UI pack/Circles using Guid(ab1b9c40a6549c2488b27164f59f97e1) Importer(815301076,1909f56bfc062723c751e8b465ee728b) (PreviewImporter)[PhysX] Initialized MultithreadedTaskDispatcher with 7 workers.
 -> (artifact id: '1f2b2fe03574c8777ec88d8f3ac18716') in 0.0004748 seconds
Number of updated asset objects reloaded before import = 0Number of asset objects unloaded after import = 0

========================================================================
Received Import Request.
  Time since last request: 1.548640 seconds.
  path: Assets/UI pack/Fonts
  artifactKey: Guid(56ebd5de11c249b4e977248fa512abab) Importer(815301076,1909f56bfc062723c751e8b465ee728b)
Start importing Assets/UI pack/Fonts using Guid(56ebd5de11c249b4e977248fa512abab) Importer(815301076,1909f56bfc062723c751e8b465ee728b) (PreviewImporter)[PhysX] Initialized MultithreadedTaskDispatcher with 7 workers.
 -> (artifact id: 'f66714e9b2defb8a2df15a5644e28905') in 0.0004441 seconds
Number of updated asset objects reloaded before import = 0Number of asset objects unloaded after import = 0

========================================================================
Received Import Request.
  Time since last request: 0.049989 seconds.
  path: Assets/UI pack/Fonts/ProductSans-Regular.ttf
  artifactKey: Guid(a4f32b2c8e673a441a4a26270fe53e05) Importer(815301076,1909f56bfc062723c751e8b465ee728b)
Start importing Assets/UI pack/Fonts/ProductSans-Regular.ttf using Guid(a4f32b2c8e673a441a4a26270fe53e05) Importer(815301076,1909f56bfc062723c751e8b465ee728b) (PreviewImporter)[PhysX] Initialized MultithreadedTaskDispatcher with 7 workers.
[PhysX] Initialized MultithreadedTaskDispatcher with 7 workers.
[PhysX] Initialized MultithreadedTaskDispatcher with 7 workers.
 -> (artifact id: '3d186884d9be54382b648d62d226ef09') in 0.0412604 seconds
Number of updated asset objects reloaded before import = 0Number of asset objects unloaded after import = 4

========================================================================
Received Import Request.
  Time since last request: 1.426269 seconds.
  path: Assets/UI pack/Icons
  artifactKey: Guid(f55af22600f6cc94999ab141ede12fa6) Importer(815301076,1909f56bfc062723c751e8b465ee728b)
Start importing Assets/UI pack/Icons using Guid(f55af22600f6cc94999ab141ede12fa6) Importer(815301076,1909f56bfc062723c751e8b465ee728b) (PreviewImporter)[PhysX] Initialized MultithreadedTaskDispatcher with 7 workers.
 -> (artifact id: '217be3a8e18587ed8cf10e6c565acc9d') in 0.0005503 seconds
Number of updated asset objects reloaded before import = 0Number of asset objects unloaded after import = 0

========================================================================
Received Import Request.
  Time since last request: 2.130313 seconds.
  path: Assets/UI pack/Prefabs
  artifactKey: Guid(6e04857945ea76d499b7d93b655d2984) Importer(815301076,1909f56bfc062723c751e8b465ee728b)
Start importing Assets/UI pack/Prefabs using Guid(6e04857945ea76d499b7d93b655d2984) Importer(815301076,1909f56bfc062723c751e8b465ee728b) (PreviewImporter)[PhysX] Initialized MultithreadedTaskDispatcher with 7 workers.
 -> (artifact id: '949576059a08f51c764cb6602b3b3465') in 0.0004694 seconds
Number of updated asset objects reloaded before import = 0Number of asset objects unloaded after import = 0

========================================================================
Received Import Request.
  Time since last request: 1.843734 seconds.
  path: Assets/UI pack/Scripts
  artifactKey: Guid(b2a8a1afcff728f448a02bc13a53444c) Importer(815301076,1909f56bfc062723c751e8b465ee728b)
Start importing Assets/UI pack/Scripts using Guid(b2a8a1afcff728f448a02bc13a53444c) Importer(815301076,1909f56bfc062723c751e8b465ee728b) (PreviewImporter)[PhysX] Initialized MultithreadedTaskDispatcher with 7 workers.
 -> (artifact id: '8bacdd87c25b5958df08bf82b82a360b') in 0.0004745 seconds
Number of updated asset objects reloaded before import = 0Number of asset objects unloaded after import = 0

========================================================================
Received Import Request.
  Time since last request: 595.549506 seconds.
  path: Assets/Art/Novel/Mey/MeySerious.png
  artifactKey: Guid(efffa21e009f47540bcfe02f25da6131) Importer(815301076,1909f56bfc062723c751e8b465ee728b)
Start importing Assets/Art/Novel/Mey/MeySerious.png using Guid(efffa21e009f47540bcfe02f25da6131) Importer(815301076,1909f56bfc062723c751e8b465ee728b) (PreviewImporter)[PhysX] Initialized MultithreadedTaskDispatcher with 7 workers.
[PhysX] Initialized MultithreadedTaskDispatcher with 7 workers.
 -> (artifact id: '034b194b499fc43fe21c8a025addf030') in 0.0207841 seconds
Number of updated asset objects reloaded before import = 0Number of asset objects unloaded after import = 2

========================================================================
Received Import Request.
  Time since last request: 0.000030 seconds.
  path: Assets/Art/Novel/Mey/MeySmirk.png
  artifactKey: Guid(8a65839263ae95c47997e7a17f75faa9) Importer(815301076,1909f56bfc062723c751e8b465ee728b)
Start importing Assets/Art/Novel/Mey/MeySmirk.png using Guid(8a65839263ae95c47997e7a17f75faa9) Importer(815301076,1909f56bfc062723c751e8b465ee728b) (PreviewImporter)[PhysX] Initialized MultithreadedTaskDispatcher with 7 workers.
[PhysX] Initialized MultithreadedTaskDispatcher with 7 workers.
 -> (artifact id: '98f0a3934ffaca9af845f324fde4ee58') in 0.0174986 seconds
Number of updated asset objects reloaded before import = 0Number of asset objects unloaded after import = 2

========================================================================
Received Import Request.
  Time since last request: 5.202049 seconds.
  path: Assets/Art/Novel/Mey/MeyShy.png
  artifactKey: Guid(2f5d9acffa6507a45ae409c2bf440f36) Importer(815301076,1909f56bfc062723c751e8b465ee728b)
Start importing Assets/Art/Novel/Mey/MeyShy.png using Guid(2f5d9acffa6507a45ae409c2bf440f36) Importer(815301076,1909f56bfc062723c751e8b465ee728b) (PreviewImporter)[PhysX] Initialized MultithreadedTaskDispatcher with 7 workers.
[PhysX] Initialized MultithreadedTaskDispatcher with 7 workers.
 -> (artifact id: '4d33f4b3901f9d88abe0803991519bdf') in 0.0190457 seconds
Number of updated asset objects reloaded before import = 0Number of asset objects unloaded after import = 3

========================================================================
Received Import Request.
  Time since last request: 0.018310 seconds.
  path: Assets/Art/Novel/Mey/MeySerious.png
  artifactKey: Guid(efffa21e009f47540bcfe02f25da6131) Importer(815301076,1909f56bfc062723c751e8b465ee728b)
Start importing Assets/Art/Novel/Mey/MeySerious.png using Guid(efffa21e009f47540bcfe02f25da6131) Importer(815301076,1909f56bfc062723c751e8b465ee728b) (PreviewImporter)[PhysX] Initialized MultithreadedTaskDispatcher with 7 workers.
[PhysX] Initialized MultithreadedTaskDispatcher with 7 workers.
 -> (artifact id: '03ed7ac9f2cf27f3b8512d2567bd3146') in 0.0177623 seconds
Number of updated asset objects reloaded before import = 0Number of asset objects unloaded after import = 3

========================================================================
Received Import Request.
  Time since last request: 0.000019 seconds.
  path: Assets/Art/Novel/Mey/MeySmirk.png
  artifactKey: Guid(8a65839263ae95c47997e7a17f75faa9) Importer(815301076,1909f56bfc062723c751e8b465ee728b)
Start importing Assets/Art/Novel/Mey/MeySmirk.png using Guid(8a65839263ae95c47997e7a17f75faa9) Importer(815301076,1909f56bfc062723c751e8b465ee728b) (PreviewImporter)[PhysX] Initialized MultithreadedTaskDispatcher with 7 workers.
[PhysX] Initialized MultithreadedTaskDispatcher with 7 workers.
 -> (artifact id: '6eb28b4b99f13115cfa29233356573f5') in 0.0623637 seconds
Number of updated asset objects reloaded before import = 0Number of asset objects unloaded after import = 3

========================================================================
Received Import Request.
  Time since last request: 61.674367 seconds.
  path: Assets/Art/Novel/Nika/NikaConfused.png
  artifactKey: Guid(a433be66a2776f44bac92553320927b3) Importer(815301076,1909f56bfc062723c751e8b465ee728b)
Start importing Assets/Art/Novel/Nika/NikaConfused.png using Guid(a433be66a2776f44bac92553320927b3) Importer(815301076,1909f56bfc062723c751e8b465ee728b) (PreviewImporter)[PhysX] Initialized MultithreadedTaskDispatcher with 7 workers.
[PhysX] Initialized MultithreadedTaskDispatcher with 7 workers.
 -> (artifact id: '98d82af6799a14894a1e45b5ea6e1a66') in 0.0186175 seconds
Number of updated asset objects reloaded before import = 0Number of asset objects unloaded after import = 2

========================================================================
Received Import Request.
  Time since last request: 0.000025 seconds.
  path: Assets/Art/Novel/Nika/NikaNervousSmileClose.png
  artifactKey: Guid(522afbcf202283e48a0f7c65fe8d3673) Importer(815301076,1909f56bfc062723c751e8b465ee728b)
Start importing Assets/Art/Novel/Nika/NikaNervousSmileClose.png using Guid(522afbcf202283e48a0f7c65fe8d3673) Importer(815301076,1909f56bfc062723c751e8b465ee728b) (PreviewImporter)[PhysX] Initialized MultithreadedTaskDispatcher with 7 workers.
[PhysX] Initialized MultithreadedTaskDispatcher with 7 workers.
 -> (artifact id: '8b8dd929d27be97fce7d6f5d2de90f34') in 0.0173349 seconds
Number of updated asset objects reloaded before import = 0Number of asset objects unloaded after import = 2

========================================================================
Received Import Request.
  Time since last request: 0.000022 seconds.
  path: Assets/Art/Novel/Nika/NikaStartled.png
  artifactKey: Guid(ac10d28d0cf4b474ebb64bbac8ab5090) Importer(815301076,1909f56bfc062723c751e8b465ee728b)
Start importing Assets/Art/Novel/Nika/NikaStartled.png using Guid(ac10d28d0cf4b474ebb64bbac8ab5090) Importer(815301076,1909f56bfc062723c751e8b465ee728b) (PreviewImporter)[PhysX] Initialized MultithreadedTaskDispatcher with 7 workers.
[PhysX] Initialized MultithreadedTaskDispatcher with 7 workers.
 -> (artifact id: '9dee619ec0c69073fbb7d1e12215c503') in 0.0183061 seconds
Number of updated asset objects reloaded before import = 0Number of asset objects unloaded after import = 2

========================================================================
Received Import Request.
  Time since last request: 0.000026 seconds.
  path: Assets/Art/Novel/Nika/NikaThibking.png
  artifactKey: Guid(f05f4b58a1f38094380464daab7c3252) Importer(815301076,1909f56bfc062723c751e8b465ee728b)
Start importing Assets/Art/Novel/Nika/NikaThibking.png using Guid(f05f4b58a1f38094380464daab7c3252) Importer(815301076,1909f56bfc062723c751e8b465ee728b) (PreviewImporter)[PhysX] Initialized MultithreadedTaskDispatcher with 7 workers.
[PhysX] Initialized MultithreadedTaskDispatcher with 7 workers.
 -> (artifact id: 'afb748a59b5fa0c606d7b1c3acb8d151') in 0.0197527 seconds
Number of updated asset objects reloaded before import = 0Number of asset objects unloaded after import = 2

========================================================================
Received Import Request.
  Time since last request: 9.222659 seconds.
  path: Assets/Art/Novel/Nika/NikaConfused.png
  artifactKey: Guid(a433be66a2776f44bac92553320927b3) Importer(815301076,1909f56bfc062723c751e8b465ee728b)
Start importing Assets/Art/Novel/Nika/NikaConfused.png using Guid(a433be66a2776f44bac92553320927b3) Importer(815301076,1909f56bfc062723c751e8b465ee728b) (PreviewImporter)[PhysX] Initialized MultithreadedTaskDispatcher with 7 workers.
[PhysX] Initialized MultithreadedTaskDispatcher with 7 workers.
 -> (artifact id: 'd0a8f1bafe0d233fad8e46ebaa6f900b') in 0.0269529 seconds
Number of updated asset objects reloaded before import = 0Number of asset objects unloaded after import = 3

========================================================================
Received Import Request.
  Time since last request: 0.000017 seconds.
  path: Assets/Art/Novel/Nika/NikaStartled.png
  artifactKey: Guid(ac10d28d0cf4b474ebb64bbac8ab5090) Importer(815301076,1909f56bfc062723c751e8b465ee728b)
Start importing Assets/Art/Novel/Nika/NikaStartled.png using Guid(ac10d28d0cf4b474ebb64bbac8ab5090) Importer(815301076,1909f56bfc062723c751e8b465ee728b) (PreviewImporter)[PhysX] Initialized MultithreadedTaskDispatcher with 7 workers.
[PhysX] Initialized MultithreadedTaskDispatcher with 7 workers.
 -> (artifact id: 'a61987f1c2d85ca28175f03504bb9006') in 0.023459 seconds
Number of updated asset objects reloaded before import = 0Number of asset objects unloaded after import = 3

========================================================================
Received Import Request.
  Time since last request: 0.000022 seconds.
  path: Assets/Art/Novel/Nika/NikaThibking.png
  artifactKey: Guid(f05f4b58a1f38094380464daab7c3252) Importer(815301076,1909f56bfc062723c751e8b465ee728b)
Start importing Assets/Art/Novel/Nika/NikaThibking.png using Guid(f05f4b58a1f38094380464daab7c3252) Importer(815301076,1909f56bfc062723c751e8b465ee728b) (PreviewImporter)[PhysX] Initialized MultithreadedTaskDispatcher with 7 workers.
[PhysX] Initialized MultithreadedTaskDispatcher with 7 workers.
 -> (artifact id: '8bb88560f39175f0fa092ea2cc9551ea') in 0.0284644 seconds
Number of updated asset objects reloaded before import = 0Number of asset objects unloaded after import = 3

========================================================================
Received Import Request.
  Time since last request: 611.150654 seconds.
  path: Assets/Art/Novel/Background/изображение_2024-04-25_065945464.jpg
  artifactKey: Guid(1f7a8406c9d5d8c4a9dfcb28762e1fb2) Importer(815301076,1909f56bfc062723c751e8b465ee728b)
Start importing Assets/Art/Novel/Background/изображение_2024-04-25_065945464.jpg using Guid(1f7a8406c9d5d8c4a9dfcb28762e1fb2) Importer(815301076,1909f56bfc062723c751e8b465ee728b) (PreviewImporter)[PhysX] Initialized MultithreadedTaskDispatcher with 7 workers.
[PhysX] Initialized MultithreadedTaskDispatcher with 7 workers.
 -> (artifact id: 'b58eec23a09d7c73cebb8b6e751c4249') in 0.0171498 seconds
Number of updated asset objects reloaded before import = 0Number of asset objects unloaded after import = 2

========================================================================
Received Import Request.
  Time since last request: 6.675838 seconds.
  path: Assets/Art/Novel/Background/изображение_2024-04-25_065945464.jpg
  artifactKey: Guid(1f7a8406c9d5d8c4a9dfcb28762e1fb2) Importer(815301076,1909f56bfc062723c751e8b465ee728b)
Start importing Assets/Art/Novel/Background/изображение_2024-04-25_065945464.jpg using Guid(1f7a8406c9d5d8c4a9dfcb28762e1fb2) Importer(815301076,1909f56bfc062723c751e8b465ee728b) (PreviewImporter)[PhysX] Initialized MultithreadedTaskDispatcher with 7 workers.
[PhysX] Initialized MultithreadedTaskDispatcher with 7 workers.
 -> (artifact id: 'cb9e0c9da7849ba165c950170b073270') in 0.0181686 seconds
Number of updated asset objects reloaded before import = 0Number of asset objects unloaded after import = 3

========================================================================
Received Import Request.
  Time since last request: 5.155044 seconds.
  path: Assets/Art/Novel/Background/Tulskaya.jpg
  artifactKey: Guid(1f7a8406c9d5d8c4a9dfcb28762e1fb2) Importer(815301076,1909f56bfc062723c751e8b465ee728b)
Start importing Assets/Art/Novel/Background/Tulskaya.jpg using Guid(1f7a8406c9d5d8c4a9dfcb28762e1fb2) Importer(815301076,1909f56bfc062723c751e8b465ee728b) (PreviewImporter)[PhysX] Initialized MultithreadedTaskDispatcher with 7 workers.
[PhysX] Initialized MultithreadedTaskDispatcher with 7 workers.
 -> (artifact id: 'f685e08cebf97bb7dd9f8248b819bd48') in 0.0177271 seconds
Number of updated asset objects reloaded before import = 0Number of asset objects unloaded after import = 3

========================================================================
Received Import Request.
  Time since last request: 331.198438 seconds.
  path: Assets/Art/Novel/Background/изображение_2024-04-25_070531390.jpg
  artifactKey: Guid(8fa1190b855c9594f9bf0a608ae70925) Importer(815301076,1909f56bfc062723c751e8b465ee728b)
Start importing Assets/Art/Novel/Background/изображение_2024-04-25_070531390.jpg using Guid(8fa1190b855c9594f9bf0a608ae70925) Importer(815301076,1909f56bfc062723c751e8b465ee728b) (PreviewImporter)[PhysX] Initialized MultithreadedTaskDispatcher with 7 workers.
[PhysX] Initialized MultithreadedTaskDispatcher with 7 workers.
 -> (artifact id: '1270da735fc3dd8a94c872674d49c9fc') in 0.0152634 seconds
Number of updated asset objects reloaded before import = 0Number of asset objects unloaded after import = 2

========================================================================
Received Import Request.
  Time since last request: 4.848953 seconds.
  path: Assets/Art/Novel/Background/изображение_2024-04-25_070531390.jpg
  artifactKey: Guid(8fa1190b855c9594f9bf0a608ae70925) Importer(815301076,1909f56bfc062723c751e8b465ee728b)
Start importing Assets/Art/Novel/Background/изображение_2024-04-25_070531390.jpg using Guid(8fa1190b855c9594f9bf0a608ae70925) Importer(815301076,1909f56bfc062723c751e8b465ee728b) (PreviewImporter)[PhysX] Initialized MultithreadedTaskDispatcher with 7 workers.
[PhysX] Initialized MultithreadedTaskDispatcher with 7 workers.
 -> (artifact id: '3d8e16110231de292d4e54e7afcdff77') in 0.0199076 seconds
Number of updated asset objects reloaded before import = 0Number of asset objects unloaded after import = 3

========================================================================
Received Import Request.
  Time since last request: 4.339270 seconds.
  path: Assets/Art/Novel/Background/FoodCourt.jpg
  artifactKey: Guid(8fa1190b855c9594f9bf0a608ae70925) Importer(815301076,1909f56bfc062723c751e8b465ee728b)
Start importing Assets/Art/Novel/Background/FoodCourt.jpg using Guid(8fa1190b855c9594f9bf0a608ae70925) Importer(815301076,1909f56bfc062723c751e8b465ee728b) (PreviewImporter)[PhysX] Initialized MultithreadedTaskDispatcher with 7 workers.
[PhysX] Initialized MultithreadedTaskDispatcher with 7 workers.
 -> (artifact id: '8cd55ba7b0905d17779b11a066f145eb') in 0.0169995 seconds
Number of updated asset objects reloaded before import = 0Number of asset objects unloaded after import = 3

========================================================================
Received Import Request.
  Time since last request: 440.082978 seconds.
  path: Assets/Art/Novel/Background/изображение_2024-04-25_071255517.jpg
  artifactKey: Guid(17335ffc90bc0fd448499417928b460c) Importer(815301076,1909f56bfc062723c751e8b465ee728b)
Start importing Assets/Art/Novel/Background/изображение_2024-04-25_071255517.jpg using Guid(17335ffc90bc0fd448499417928b460c) Importer(815301076,1909f56bfc062723c751e8b465ee728b) (PreviewImporter)[PhysX] Initialized MultithreadedTaskDispatcher with 7 workers.
[PhysX] Initialized MultithreadedTaskDispatcher with 7 workers.
 -> (artifact id: 'd829445c23e252f3e763aac240d5d81c') in 0.013985 seconds
Number of updated asset objects reloaded before import = 0Number of asset objects unloaded after import = 2

========================================================================
Received Import Request.
  Time since last request: 5.062943 seconds.
  path: Assets/Art/Novel/Background/изображение_2024-04-25_071255517.jpg
  artifactKey: Guid(17335ffc90bc0fd448499417928b460c) Importer(815301076,1909f56bfc062723c751e8b465ee728b)
Start importing Assets/Art/Novel/Background/изображение_2024-04-25_071255517.jpg using Guid(17335ffc90bc0fd448499417928b460c) Importer(815301076,1909f56bfc062723c751e8b465ee728b) (PreviewImporter)[PhysX] Initialized MultithreadedTaskDispatcher with 7 workers.
[PhysX] Initialized MultithreadedTaskDispatcher with 7 workers.
 -> (artifact id: 'e98de9ae281fea8d987b86f4c2a60368') in 0.0174825 seconds
Number of updated asset objects reloaded before import = 0Number of asset objects unloaded after import = 3

========================================================================
Received Import Request.
  Time since last request: 26.718893 seconds.
  path: Assets/Art/Novel/Background/FoodCourt.jpg
  artifactKey: Guid(17335ffc90bc0fd448499417928b460c) Importer(815301076,1909f56bfc062723c751e8b465ee728b)
Start importing Assets/Art/Novel/Background/FoodCourt.jpg using Guid(17335ffc90bc0fd448499417928b460c) Importer(815301076,1909f56bfc062723c751e8b465ee728b) (PreviewImporter)[PhysX] Initialized MultithreadedTaskDispatcher with 7 workers.
[PhysX] Initialized MultithreadedTaskDispatcher with 7 workers.
 -> (artifact id: 'dbd8d53b0400feaf8e197fa68bf8af77') in 0.0215019 seconds
Number of updated asset objects reloaded before import = 0Number of asset objects unloaded after import = 3

========================================================================
Received Import Request.
  Time since last request: 291.018305 seconds.
  path: Assets/Art/Novel/Background/BurgerKing.jpeg
  artifactKey: Guid(918756c1eeafdeb41a503fa801bdc5d6) Importer(815301076,1909f56bfc062723c751e8b465ee728b)
Start importing Assets/Art/Novel/Background/BurgerKing.jpeg using Guid(918756c1eeafdeb41a503fa801bdc5d6) Importer(815301076,1909f56bfc062723c751e8b465ee728b) (PreviewImporter)[PhysX] Initialized MultithreadedTaskDispatcher with 7 workers.
[PhysX] Initialized MultithreadedTaskDispatcher with 7 workers.
 -> (artifact id: 'eeedaed623d5a979ac3da45610b35e4c') in 0.0130486 seconds
Number of updated asset objects reloaded before import = 0Number of asset objects unloaded after import = 2

========================================================================
Received Import Request.
  Time since last request: 8.185220 seconds.
  path: Assets/Art/Novel/Background/BurgerKing.jpeg
  artifactKey: Guid(918756c1eeafdeb41a503fa801bdc5d6) Importer(815301076,1909f56bfc062723c751e8b465ee728b)
Start importing Assets/Art/Novel/Background/BurgerKing.jpeg using Guid(918756c1eeafdeb41a503fa801bdc5d6) Importer(815301076,1909f56bfc062723c751e8b465ee728b) (PreviewImporter)[PhysX] Initialized MultithreadedTaskDispatcher with 7 workers.
[PhysX] Initialized MultithreadedTaskDispatcher with 7 workers.
 -> (artifact id: '665ce59e79d326a3a484c212cca7b075') in 0.0185177 seconds
Number of updated asset objects reloaded before import = 0Number of asset objects unloaded after import = 3

========================================================================
Received Import Request.
  Time since last request: 246.129082 seconds.
  path: Assets/Art/Novel/Background/pixai-1740088902245209942-0.png
  artifactKey: Guid(da16500bf5fe11c469ccbf193511e46b) Importer(815301076,1909f56bfc062723c751e8b465ee728b)
Start importing Assets/Art/Novel/Background/pixai-1740088902245209942-0.png using Guid(da16500bf5fe11c469ccbf193511e46b) Importer(815301076,1909f56bfc062723c751e8b465ee728b) (PreviewImporter)[PhysX] Initialized MultithreadedTaskDispatcher with 7 workers.
[PhysX] Initialized MultithreadedTaskDispatcher with 7 workers.
 -> (artifact id: '6a9e279597bfe2fc5ae9f2f714d65e53') in 0.0142212 seconds
Number of updated asset objects reloaded before import = 0Number of asset objects unloaded after import = 2

========================================================================
Received Import Request.
  Time since last request: 4.701957 seconds.
  path: Assets/Art/Novel/Background/pixai-1740088902245209942-0.png
  artifactKey: Guid(da16500bf5fe11c469ccbf193511e46b) Importer(815301076,1909f56bfc062723c751e8b465ee728b)
Start importing Assets/Art/Novel/Background/pixai-1740088902245209942-0.png using Guid(da16500bf5fe11c469ccbf193511e46b) Importer(815301076,1909f56bfc062723c751e8b465ee728b) (PreviewImporter)[PhysX] Initialized MultithreadedTaskDispatcher with 7 workers.
[PhysX] Initialized MultithreadedTaskDispatcher with 7 workers.
 -> (artifact id: '9118d68df2c01658802252f81e8d9b6f') in 0.0177713 seconds
Number of updated asset objects reloaded before import = 0Number of asset objects unloaded after import = 3

========================================================================
Received Import Request.
  Time since last request: 11.103562 seconds.
  path: Assets/Art/Novel/Background/Ashan.png
  artifactKey: Guid(da16500bf5fe11c469ccbf193511e46b) Importer(815301076,1909f56bfc062723c751e8b465ee728b)
Start importing Assets/Art/Novel/Background/Ashan.png using Guid(da16500bf5fe11c469ccbf193511e46b) Importer(815301076,1909f56bfc062723c751e8b465ee728b) (PreviewImporter)[PhysX] Initialized MultithreadedTaskDispatcher with 7 workers.
[PhysX] Initialized MultithreadedTaskDispatcher with 7 workers.
 -> (artifact id: '2aa34572cf44fc0ca5f92983369db4f1') in 0.025491 seconds
Number of updated asset objects reloaded before import = 0Number of asset objects unloaded after import = 3

========================================================================
Received Import Request.
  Time since last request: 535.372470 seconds.
  path: Assets/Art/Novel/Background/5ka.jpeg
  artifactKey: Guid(200a8be966dc9164dbdc6c9ad6ede11e) Importer(815301076,1909f56bfc062723c751e8b465ee728b)
Start importing Assets/Art/Novel/Background/5ka.jpeg using Guid(200a8be966dc9164dbdc6c9ad6ede11e) Importer(815301076,1909f56bfc062723c751e8b465ee728b) (PreviewImporter)[PhysX] Initialized MultithreadedTaskDispatcher with 7 workers.
[PhysX] Initialized MultithreadedTaskDispatcher with 7 workers.
 -> (artifact id: '30e9671079a3ed99620dfa9b051971a6') in 0.0144686 seconds
Number of updated asset objects reloaded before import = 0Number of asset objects unloaded after import = 2

========================================================================
Received Import Request.
  Time since last request: 9.680096 seconds.
  path: Assets/Art/Novel/Background/5ka.jpeg
  artifactKey: Guid(200a8be966dc9164dbdc6c9ad6ede11e) Importer(815301076,1909f56bfc062723c751e8b465ee728b)
Start importing Assets/Art/Novel/Background/5ka.jpeg using Guid(200a8be966dc9164dbdc6c9ad6ede11e) Importer(815301076,1909f56bfc062723c751e8b465ee728b) (PreviewImporter)[PhysX] Initialized MultithreadedTaskDispatcher with 7 workers.
[PhysX] Initialized MultithreadedTaskDispatcher with 7 workers.
 -> (artifact id: 'f4fb44008ca226eb9131e9b0f1caf014') in 0.01812 seconds
Number of updated asset objects reloaded before import = 0Number of asset objects unloaded after import = 3

========================================================================
Received Import Request.
  Time since last request: 247.501682 seconds.
  path: Assets/Art/Novel/Background/pixai-1740088902245209942-0.jpeg
  artifactKey: Guid(3084f1a8d01d91949aaf24301cd28a82) Importer(815301076,1909f56bfc062723c751e8b465ee728b)
Start importing Assets/Art/Novel/Background/pixai-1740088902245209942-0.jpeg using Guid(3084f1a8d01d91949aaf24301cd28a82) Importer(815301076,1909f56bfc062723c751e8b465ee728b) (PreviewImporter)[PhysX] Initialized MultithreadedTaskDispatcher with 7 workers.
[PhysX] Initialized MultithreadedTaskDispatcher with 7 workers.
 -> (artifact id: 'f07c3945fd3460fa0e671295f5e99e3c') in 0.0147043 seconds
Number of updated asset objects reloaded before import = 0Number of asset objects unloaded after import = 2

========================================================================
Received Import Request.
  Time since last request: 11.177612 seconds.
  path: Assets/Art/Novel/Background/pixai-1740088902245209942-0.jpeg
  artifactKey: Guid(3084f1a8d01d91949aaf24301cd28a82) Importer(815301076,1909f56bfc062723c751e8b465ee728b)
Start importing Assets/Art/Novel/Background/pixai-1740088902245209942-0.jpeg using Guid(3084f1a8d01d91949aaf24301cd28a82) Importer(815301076,1909f56bfc062723c751e8b465ee728b) (PreviewImporter)[PhysX] Initialized MultithreadedTaskDispatcher with 7 workers.
[PhysX] Initialized MultithreadedTaskDispatcher with 7 workers.
 -> (artifact id: 'a56123063e56d7a7fa7d590d986de75e') in 0.0182076 seconds
Number of updated asset objects reloaded before import = 0Number of asset objects unloaded after import = 3

========================================================================
Received Import Request.
  Time since last request: 14.119222 seconds.
  path: Assets/Art/Novel/Background/Фырфт.jpeg
  artifactKey: Guid(3084f1a8d01d91949aaf24301cd28a82) Importer(815301076,1909f56bfc062723c751e8b465ee728b)
Start importing Assets/Art/Novel/Background/Фырфт.jpeg using Guid(3084f1a8d01d91949aaf24301cd28a82) Importer(815301076,1909f56bfc062723c751e8b465ee728b) (PreviewImporter)[PhysX] Initialized MultithreadedTaskDispatcher with 7 workers.
[PhysX] Initialized MultithreadedTaskDispatcher with 7 workers.
 -> (artifact id: '7e9ad2163b6668177452759c7f3b270e') in 0.0199682 seconds
Number of updated asset objects reloaded before import = 0Number of asset objects unloaded after import = 3

========================================================================
Received Import Request.
  Time since last request: 4.202118 seconds.
  path: Assets/Art/Novel/Background/Ashan.jpeg
  artifactKey: Guid(3084f1a8d01d91949aaf24301cd28a82) Importer(815301076,1909f56bfc062723c751e8b465ee728b)
Start importing Assets/Art/Novel/Background/Ashan.jpeg using Guid(3084f1a8d01d91949aaf24301cd28a82) Importer(815301076,1909f56bfc062723c751e8b465ee728b) (PreviewImporter)[PhysX] Initialized MultithreadedTaskDispatcher with 7 workers.
[PhysX] Initialized MultithreadedTaskDispatcher with 7 workers.
 -> (artifact id: '5426d982e1f156565278030d86226ed6') in 0.0201357 seconds
Number of updated asset objects reloaded before import = 0Number of asset objects unloaded after import = 3

========================================================================
Received Import Request.
  Time since last request: 265.070713 seconds.
  path: Assets/Art/Novel/Background/Lenta.jpeg
  artifactKey: Guid(00028366ea25ba94ea33569d57ec41f4) Importer(815301076,1909f56bfc062723c751e8b465ee728b)
Start importing Assets/Art/Novel/Background/Lenta.jpeg using Guid(00028366ea25ba94ea33569d57ec41f4) Importer(815301076,1909f56bfc062723c751e8b465ee728b) (PreviewImporter)[PhysX] Initialized MultithreadedTaskDispatcher with 7 workers.
[PhysX] Initialized MultithreadedTaskDispatcher with 7 workers.
 -> (artifact id: '3f41b979ec28cbc907964bdf020d006a') in 0.0169444 seconds
Number of updated asset objects reloaded before import = 0Number of asset objects unloaded after import = 2

========================================================================
Received Import Request.
  Time since last request: 4.513646 seconds.
  path: Assets/Art/Novel/Background/Lenta.jpeg
  artifactKey: Guid(00028366ea25ba94ea33569d57ec41f4) Importer(815301076,1909f56bfc062723c751e8b465ee728b)
Start importing Assets/Art/Novel/Background/Lenta.jpeg using Guid(00028366ea25ba94ea33569d57ec41f4) Importer(815301076,1909f56bfc062723c751e8b465ee728b) (PreviewImporter)[PhysX] Initialized MultithreadedTaskDispatcher with 7 workers.
[PhysX] Initialized MultithreadedTaskDispatcher with 7 workers.
 -> (artifact id: '1f29c0dc09371913fcb91c8052413bb2') in 0.0210779 seconds
Number of updated asset objects reloaded before import = 0Number of asset objects unloaded after import = 3

========================================================================
Received Import Request.
  Time since last request: 357.457353 seconds.
  path: Assets/Art/Novel/Background/BusStation.jpeg
  artifactKey: Guid(e1b219bb39e5f5c4283e74a1b44033bf) Importer(815301076,1909f56bfc062723c751e8b465ee728b)
Start importing Assets/Art/Novel/Background/BusStation.jpeg using Guid(e1b219bb39e5f5c4283e74a1b44033bf) Importer(815301076,1909f56bfc062723c751e8b465ee728b) (PreviewImporter)[PhysX] Initialized MultithreadedTaskDispatcher with 7 workers.
[PhysX] Initialized MultithreadedTaskDispatcher with 7 workers.
 -> (artifact id: '97184a25b132583e9602d7cd90193e73') in 0.0173413 seconds
Number of updated asset objects reloaded before import = 0Number of asset objects unloaded after import = 2

========================================================================
Received Import Request.
  Time since last request: 5.027551 seconds.
  path: Assets/Art/Novel/Background/BusStation.jpeg
  artifactKey: Guid(e1b219bb39e5f5c4283e74a1b44033bf) Importer(815301076,1909f56bfc062723c751e8b465ee728b)
Start importing Assets/Art/Novel/Background/BusStation.jpeg using Guid(e1b219bb39e5f5c4283e74a1b44033bf) Importer(815301076,1909f56bfc062723c751e8b465ee728b) (PreviewImporter)[PhysX] Initialized MultithreadedTaskDispatcher with 7 workers.
[PhysX] Initialized MultithreadedTaskDispatcher with 7 workers.
 -> (artifact id: 'a938c7cf9b1e0c1ded915a937c62d928') in 0.0179754 seconds
Number of updated asset objects reloaded before import = 0Number of asset objects unloaded after import = 3

========================================================================
Received Import Request.
  Time since last request: 217.287867 seconds.
  path: Assets/Art/Novel/Background/BusStation.jpeg
  artifactKey: Guid(e1b219bb39e5f5c4283e74a1b44033bf) Importer(815301076,1909f56bfc062723c751e8b465ee728b)
Start importing Assets/Art/Novel/Background/BusStation.jpeg using Guid(e1b219bb39e5f5c4283e74a1b44033bf) Importer(815301076,1909f56bfc062723c751e8b465ee728b) (PreviewImporter)[PhysX] Initialized MultithreadedTaskDispatcher with 7 workers.
[PhysX] Initialized MultithreadedTaskDispatcher with 7 workers.
 -> (artifact id: '2fc3099b72d295fb082e3477a39e32cf') in 0.0133396 seconds
Number of updated asset objects reloaded before import = 0Number of asset objects unloaded after import = 2

========================================================================
Received Import Request.
  Time since last request: 5.417984 seconds.
  path: Assets/Art/Novel/Background/BusStation.jpeg
  artifactKey: Guid(e1b219bb39e5f5c4283e74a1b44033bf) Importer(815301076,1909f56bfc062723c751e8b465ee728b)
Start importing Assets/Art/Novel/Background/BusStation.jpeg using Guid(e1b219bb39e5f5c4283e74a1b44033bf) Importer(815301076,1909f56bfc062723c751e8b465ee728b) (PreviewImporter)[PhysX] Initialized MultithreadedTaskDispatcher with 7 workers.
[PhysX] Initialized MultithreadedTaskDispatcher with 7 workers.
 -> (artifact id: 'c45c18f521e697d1604e2cf04f9672da') in 0.0205778 seconds
Number of updated asset objects reloaded before import = 0Number of asset objects unloaded after import = 3

========================================================================
Received Import Request.
  Time since last request: 16920.592998 seconds.
  path: Assets/Scenes/SampleScene.unity
  artifactKey: Guid(9fc0d4010bbf28b4594072e72b8655ab) Importer(815301076,1909f56bfc062723c751e8b465ee728b)
Start importing Assets/Scenes/SampleScene.unity using Guid(9fc0d4010bbf28b4594072e72b8655ab) Importer(815301076,1909f56bfc062723c751e8b465ee728b) (PreviewImporter)[PhysX] Initialized MultithreadedTaskDispatcher with 7 workers.
 -> (artifact id: 'df9d1e649e2c5883d2f367375e239b3b') in 0.0018024 seconds
Number of updated asset objects reloaded before import = 0Number of asset objects unloaded after import = 0

========================================================================
Received Import Request.
  Time since last request: 0.714588 seconds.
  path: Assets/Scenes/AnimasScene.unity
  artifactKey: Guid(0c559570018bb4b498cb9c42ecb6a159) Importer(815301076,1909f56bfc062723c751e8b465ee728b)
Start importing Assets/Scenes/AnimasScene.unity using Guid(0c559570018bb4b498cb9c42ecb6a159) Importer(815301076,1909f56bfc062723c751e8b465ee728b) (PreviewImporter)[PhysX] Initialized MultithreadedTaskDispatcher with 7 workers.
 -> (artifact id: 'aab082f4d011f4cb067f4068532171e9') in 0.0045586 seconds
Number of updated asset objects reloaded before import = 0Number of asset objects unloaded after import = 0

========================================================================
Received Import Request.
  Time since last request: 57.716462 seconds.
  path: Assets/Scenes/Novel.unity
  artifactKey: Guid(93ea2f5bfe9f3e34b8097ee024563059) Importer(815301076,1909f56bfc062723c751e8b465ee728b)
Start importing Assets/Scenes/Novel.unity using Guid(93ea2f5bfe9f3e34b8097ee024563059) Importer(815301076,1909f56bfc062723c751e8b465ee728b) (PreviewImporter)[PhysX] Initialized MultithreadedTaskDispatcher with 7 workers.
 -> (artifact id: '97d02f9eb84a62310ce697a5ebbac65a') in 0.0007257 seconds
Number of updated asset objects reloaded before import = 0Number of asset objects unloaded after import = 0

========================================================================
Received Import Request.
  Time since last request: 5.299921 seconds.
  path: Assets/Scenes/2d.unity
  artifactKey: Guid(952c382f7ce93534da258fbcbfd1feb3) Importer(815301076,1909f56bfc062723c751e8b465ee728b)
Start importing Assets/Scenes/2d.unity using Guid(952c382f7ce93534da258fbcbfd1feb3) Importer(815301076,1909f56bfc062723c751e8b465ee728b) (PreviewImporter)[PhysX] Initialized MultithreadedTaskDispatcher with 7 workers.
 -> (artifact id: 'f0a2c5dde7f98a9ce05a608e2eb8950c') in 0.0007107 seconds
Number of updated asset objects reloaded before import = 0Number of asset objects unloaded after import = 0

========================================================================
Received Prepare
Begin MonoManager ReloadAssembly
C:\build\output\Unity-Technologies\mono\mono\metadata\icall.c:1842:
C:\build\output\Unity-Technologies\mono\mono\metadata\icall.c:1842:
C:\build\output\Unity-Technologies\mono\mono\metadata\icall.c:1842:
C:\build\output\Unity-Technologies\mono\mono\metadata\icall.c:1842:
C:\build\output\Unity-Technologies\mono\mono\metadata\icall.c:1842:
C:\build\output\Unity-Technologies\mono\mono\metadata\icall.c:1842:
C:\build\output\Unity-Technologies\mono\mono\metadata\icall.c:1842:
C:\build\output\Unity-Technologies\mono\mono\metadata\icall.c:1842:
C:\build\output\Unity-Technologies\mono\mono\metadata\icall.c:1842:
C:\build\output\Unity-Technologies\mono\mono\metadata\icall.c:1842:
C:\build\output\Unity-Technologies\mono\mono\metadata\icall.c:1842:
C:\build\output\Unity-Technologies\mono\mono\metadata\icall.c:1842:
- Loaded All Assemblies, in  1.121 seconds
Refreshing native plugins compatible for Editor in 1.00 ms, found 4 plugins.
Native extension for iOS target not found
Native extension for Android target not found
Native extension for UWP target not found
Native extension for WindowsStandalone target not found
Native extension for WebGL target not found
Mono: successfully reloaded assembly
- Finished resetting the current domain, in  0.781 seconds
Domain Reload Profiling: 1904ms
	BeginReloadAssembly (400ms)
		ExecutionOrderSort (0ms)
		DisableScriptedObjects (46ms)
		BackupInstance (0ms)
		ReleaseScriptingObjects (1ms)
		CreateAndSetChildDomain (124ms)
	RebuildCommonClasses (40ms)
	RebuildNativeTypeToScriptingClass (14ms)
	initialDomainReloadingComplete (29ms)
	LoadAllAssembliesAndSetupDomain (640ms)
		LoadAssemblies (559ms)
		RebuildTransferFunctionScriptingTraits (0ms)
		AnalyzeDomain (219ms)
			TypeCache.Refresh (13ms)
				TypeCache.ScanAssembly (0ms)
			BuildScriptInfoCaches (196ms)
			ResolveRequiredComponents (5ms)
	FinalizeReload (781ms)
		ReleaseScriptCaches (0ms)
		RebuildScriptCaches (0ms)
		SetupLoadedEditorAssemblies (545ms)
			LogAssemblyErrors (0ms)
			InitializePlatformSupportModulesInManaged (24ms)
			SetLoadedEditorAssemblies (8ms)
			BeforeProcessingInitializeOnLoad (129ms)
			ProcessInitializeOnLoadAttributes (332ms)
			ProcessInitializeOnLoadMethodAttributes (50ms)
			AfterProcessingInitializeOnLoad (2ms)
			EditorAssembliesLoaded (0ms)
		ExecutionOrderSort2 (0ms)
		AwakeInstancesAfterBackupRestoration (8ms)
Refreshing native plugins compatible for Editor in 0.83 ms, found 4 plugins.
Preloading 0 native plugins for Editor in 0.00 ms.
Unloading 0 Unused Serialized files (Serialized files now loaded: 0)
Unloading 4409 unused Assets / (1.1 MB). Loaded Objects now: 5062.
Memory consumption went from 127.9 MB to 126.9 MB.
Total: 7.349200 ms (FindLiveObjects: 0.842200 ms CreateObjectMapping: 0.376900 ms MarkObjects: 4.858600 ms  DeleteObjects: 1.269700 ms)

Prepare: number of updated asset objects reloaded= 0
